<?xml version="1.0" encoding="UTF-8"?>
<Site BuildName="(empty)"
	BuildStamp="20231011-1725-Experimental"
	Name="(empty)"
	Generator="ctest-3.26.4-msvc4"
	CompilerName=""
	CompilerVersion=""
	OSName="Windows"
	Hostname="Marek-PC"
	OSRelease=" Personal"
	OSVersion=" (Build 22621)"
	OSPlatform="AMD64"
	Is64Bits="1"
	VendorString="AuthenticAMD"
	VendorID="Advanced Micro Devices"
	FamilyID="15"
	ModelID="1"
	ProcessorCacheSize="64"
	NumberOfLogicalCPU="12"
	NumberOfPhysicalCPU="6"
	TotalVirtualMemory="19126"
	TotalPhysicalMemory="16310"
	LogicalProcessorsPerPhysical="2"
	ProcessorClockFrequency="3600"
	>
	<Testing>
		<StartDateTime>Oct 11 19:25 Central European Summer Time</StartDateTime>
		<StartTestTime>1697045100</StartTestTime>
		<TestList/>
		<EndDateTime>Oct 11 19:25 Central European Summer Time</EndDateTime>
		<EndTestTime>1697045100</EndTestTime>
		<ElapsedMinutes>0</ElapsedMinutes>
	</Testing>
</Site>
